[    0.000000] Initializing cgroup subsys cpuset
[    0.000000] Initializing cgroup subsys cpu
[    0.000000] Initializing cgroup subsys cpuacct
[    0.000000] Linux version 4.4.0-34-generic (buildd@lgw01-20) (gcc version 5.3.1 20160413 (Ubuntu 5.3.1-14ubuntu2.1) ) #53-Ubuntu SMP Wed Jul 27 16:06:39 UTC 2016 (Ubuntu 4.4.0-34.53-generic 4.4.15)
[    0.000000] Command line: BOOT_IMAGE=/boot/vmlinuz-4.4.0-34-generic root=LABEL=cloudimg-rootfs ro console=tty1 console=ttyS0
[    0.000000] KERNEL supported cpus:
[    0.000000]   Intel GenuineIntel
[    0.000000]   AMD AuthenticAMD
[    0.000000]   Centaur CentaurHauls
[    0.000000] x86/fpu: xstate_offset[2]:  576, xstate_sizes[2]:  256
[    0.000000] x86/fpu: Supporting XSAVE feature 0x01: 'x87 floating point registers'
[    0.000000] x86/fpu: Supporting XSAVE feature 0x02: 'SSE registers'
[    0.000000] x86/fpu: Supporting XSAVE feature 0x04: 'AVX registers'
[    0.000000] x86/fpu: Enabled xstate features 0x7, context size is 832 bytes, using 'standard' format.
[    0.000000] x86/fpu: Using 'lazy' FPU context switches.
[    0.000000] e820: BIOS-provided physical RAM map:
[    0.000000] BIOS-e820: [mem 0x0000000000000000-0x000000000009fbff] usable
[    0.000000] BIOS-e820: [mem 0x000000000009fc00-0x000000000009ffff] reserved
[    0.000000] BIOS-e820: [mem 0x00000000000f0000-0x00000000000fffff] reserved
[    0.000000] BIOS-e820: [mem 0x0000000000100000-0x000000003ffeffff] usable
[    0.000000] BIOS-e820: [mem 0x000000003fff0000-0x000000003fffffff] ACPI data
[    0.000000] BIOS-e820: [mem 0x00000000fec00000-0x00000000fec00fff] reserved
[    0.000000] BIOS-e820: [mem 0x00000000fee00000-0x00000000fee00fff] reserved
[    0.000000] BIOS-e820: [mem 0x00000000fffc0000-0x00000000ffffffff] reserved
[    0.000000] NX (Execute Disable) protection: active
[    0.000000] SMBIOS 2.5 present.
[    0.000000] Hypervisor detected: KVM
[    0.000000] e820: last_pfn = 0x3fff0 max_arch_pfn = 0x400000000
[    0.000000] x86/PAT: Configuration [0-7]: WB  WC  UC- UC  WB  WC  UC- WT  
[    0.000000] MTRR: Disabled
[    0.000000] CPU MTRRs all blank - virtualized system.
[    0.000000] found SMP MP-table at [mem 0x0009fff0-0x0009ffff] mapped at [ffff88000009fff0]
[    0.000000] Scanning 1 areas for low memory corruption
[    0.000000] RAMDISK: [mem 0x371c2000-0x378d8fff]
[    0.000000] ACPI: Early table checksum verification disabled
[    0.000000] ACPI: RSDP 0x00000000000E0000 000024 (v02 VBOX  )
[    0.000000] ACPI: XSDT 0x000000003FFF0030 00003C (v01 VBOX   VBOXXSDT 00000001 ASL  00000061)
[    0.000000] ACPI: FACP 0x000000003FFF00F0 0000F4 (v04 VBOX   VBOXFACP 00000001 ASL  00000061)
[    0.000000] ACPI: DSDT 0x000000003FFF0470 00210F (v01 VBOX   VBOXBIOS 00000002 INTL 20100528)
[    0.000000] ACPI: FACS 0x000000003FFF0200 000040
[    0.000000] ACPI: FACS 0x000000003FFF0200 000040
[    0.000000] ACPI: APIC 0x000000003FFF0240 00005C (v02 VBOX   VBOXAPIC 00000001 ASL  00000061)
[    0.000000] ACPI: SSDT 0x000000003FFF02A0 0001CC (v01 VBOX   VBOXCPUT 00000002 INTL 20100528)
[    0.000000] No NUMA configuration found
[    0.000000] Faking a node at [mem 0x0000000000000000-0x000000003ffeffff]
[    0.000000] NODE_DATA(0) allocated [mem 0x3ffeb000-0x3ffeffff]
[    0.000000] kvm-clock: Using msrs 4b564d01 and 4b564d00
[    0.000000] kvm-clock: cpu 0, msr 0:3ffe7001, primary cpu clock
[    0.000000] kvm-clock: using sched offset of 3204401765 cycles
[    0.000000] clocksource: kvm-clock: mask: 0xffffffffffffffff max_cycles: 0x1cd42e4dffb, max_idle_ns: 881590591483 ns
[    0.000000] Zone ranges:
[    0.000000]   DMA      [mem 0x0000000000001000-0x0000000000ffffff]
[    0.000000]   DMA32    [mem 0x0000000001000000-0x000000003ffeffff]
[    0.000000]   Normal   empty
[    0.000000]   Device   empty
[    0.000000] Movable zone start for each node
[    0.000000] Early memory node ranges
[    0.000000]   node   0: [mem 0x0000000000001000-0x000000000009efff]
[    0.000000]   node   0: [mem 0x0000000000100000-0x000000003ffeffff]
[    0.000000] Initmem setup node 0 [mem 0x0000000000001000-0x000000003ffeffff]
[    0.000000] ACPI: PM-Timer IO Port: 0x4008
[    0.000000] IOAPIC[0]: apic_id 2, version 32, address 0xfec00000, GSI 0-23
[    0.000000] ACPI: INT_SRC_OVR (bus 0 bus_irq 0 global_irq 2 dfl dfl)
[    0.000000] ACPI: INT_SRC_OVR (bus 0 bus_irq 9 global_irq 9 high level)
[    0.000000] Using ACPI (MADT) for SMP configuration information
[    0.000000] smpboot: Allowing 2 CPUs, 0 hotplug CPUs
[    0.000000] PM: Registered nosave memory: [mem 0x00000000-0x00000fff]
[    0.000000] PM: Registered nosave memory: [mem 0x0009f000-0x0009ffff]
[    0.000000] PM: Registered nosave memory: [mem 0x000a0000-0x000effff]
[    0.000000] PM: Registered nosave memory: [mem 0x000f0000-0x000fffff]
[    0.000000] e820: [mem 0x40000000-0xfebfffff] available for PCI devices
[    0.000000] Booting paravirtualized kernel on KVM
[    0.000000] clocksource: refined-jiffies: mask: 0xffffffff max_cycles: 0xffffffff, max_idle_ns: 7645519600211568 ns
[    0.000000] setup_percpu: NR_CPUS:256 nr_cpumask_bits:256 nr_cpu_ids:2 nr_node_ids:1
[    0.000000] PERCPU: Embedded 33 pages/cpu @ffff88003fc00000 s98008 r8192 d28968 u1048576
[    0.000000] PV qspinlock hash table entries: 256 (order: 0, 4096 bytes)
[    0.000000] Built 1 zonelists in Node order, mobility grouping on.  Total pages: 257913
[    0.000000] Policy zone: DMA32
[    0.000000] Kernel command line: BOOT_IMAGE=/boot/vmlinuz-4.4.0-34-generic root=LABEL=cloudimg-rootfs ro console=tty1 console=ttyS0
[    0.000000] PID hash table entries: 4096 (order: 3, 32768 bytes)
[    0.000000] Memory: 1005380K/1048120K available (8394K kernel code, 1282K rwdata, 3944K rodata, 1480K init, 1292K bss, 42740K reserved, 0K cma-reserved)
[    0.000000] SLUB: HWalign=64, Order=0-3, MinObjects=0, CPUs=2, Nodes=1
[    0.000000] Hierarchical RCU implementation.
[    0.000000] 	Build-time adjustment of leaf fanout to 64.
[    0.000000] 	RCU restricting CPUs from NR_CPUS=256 to nr_cpu_ids=2.
[    0.000000] RCU: Adjusting geometry for rcu_fanout_leaf=64, nr_cpu_ids=2
[    0.000000] NR_IRQS:16640 nr_irqs:440 16
[    0.000000] Console: colour VGA+ 80x25
[    0.000000consoe [ty1] enabed
[    0.000000] nsole [ttyS0] enabled
[    0.000000] tsc: Detected 2599.998 MHz processor
[    0.521884] Calibrating delay loop (skipped) preet value.. 5199.99 BogoMIPS (lpj=10399992)
[    0.540307] pid_max: default: 32768 minimum: 301
[    0.541460] ACPI: Core revision 20150930
[    0.555803] ACPI: 2 ACPI AML tables successfully acquired and loaded
[    0.559840] Security Framework initialized
[    0.562096] Yama: becoming mindful.
[    0.562983] AppArmor: AppArmor initialized
[    0.564035] Dentry cache hash table entries: 131072 (order: 8, 1048576 bytes)
[    0.565739] Inode-cache hash table entries: 65536 (order: 7, 524288 bytes)
[    0.568661] Mount-cache hash table entries: 2048 (order: 2, 16384 bytes)
[    0.573006] Mountpoint-cache hash table entries: 2048 (order: 2, 16384 bytes)
[    0.577743] Initializing cgroup subsys io
[    0.580466] Initializing cgroup subsys memory
[    0.581994] Initializing cgroup subsys devices
[    0.588788] Initializing cgroup subsys freezer
[    0.590143] Initializing cgroup subsys net_cls
[    0.591435] Initializing cgroup subsys perf_event
[    0.592779] Initializing cgroup subsys net_prio
[    0.593937] Initializing cgroup subsys hugetlb
[    0.594946] Initializing cgroup subsys pids
[    0.595986] CPU: Physical Processor ID: 0
[    0.596916] CPU: Processor Core ID: 0
[    0.598675] mce: CPU supports 0 MCE banks
[    0.599908] Last level iTLB entries: 4KB 1024, 2MB 1024, 4MB 1024
[    0.601466] Last level dTLB entries: 4KB 1024, 2MB 1024, 4MB 1024, 1GB 4
[    0.606103] Freeing SMP alternatives memory: 28K (ffffffff820b4000 - ffffffff820bb000)
[    0.618787] ftrace: allocating 31994 entries in 125 pages
[    0.663991] smpboot: Max logical packages: 1
[    0.665081] smpboot: APIC(0) Converting physical 0 to logical package 0
[    0.667031] x2apic enabled
[    0.667954] Switched APIC routing to physical x2apic.
[    0.676150] ..TIMER: vector=0x30 apic1=0 pin1=2 apic2=-1 pin2=-1
[    0.781529] smpboot: CPU0: Intel(R) Core(TM) i5-4278U CPU @ 2.60GHz (family: 0x6, model: 0x45, stepping: 0x1)
[    0.785431] Performance Events: unsupported p6 CPU model 69 no PMU driver, software events only.
[    0.787674] KVM setup paravirtual spinlock
[    0.789296] x86: Booting SMP configuration:
[    0.790333] .... node  #0, CPUs:      #1
[    0.791393] kvm-clock: cpu 1, msr 0:3ffe7041, secondary cpu clock
[    0.826654] mce: CPU supports 0 MCE banks
[    0.829347] x86: Booted up 1 node, 2 CPUs
[    0.830550] smpboot: Total of 2 processors activated (10399.99 BogoMIPS)
[    0.832540] devtmpfs: initialized
[    0.835548] evm: security.selinux
[    0.837503] evm: security.SMACK64
[    0.838382] evm: security.SMACK64EXEC
[    0.839252] evm: security.SMACK64TRANSMUTE
[    0.840196] evm: security.SMACK64MMAP
[    0.841062] evm: security.ima
[    0.841889] evm: security.capability
[    0.842979] clocksource: jiffies: mask: 0xffffffff max_cycles: 0xffffffff, max_idle_ns: 7645041785100000 ns
[    0.845268] pinctrl core: initialized pinctrl subsystem
[    0.846610] RTC time: 22:14:03, date: 08/26/16
[    0.849084] NET: Registered protocol family 16
[    0.861503] cpuidle: using governor ladder
[    0.873796] cpuidle: using governor menu
[    0.880072] PCCT header not found.
[    0.886831] ACPI: bus type PCI registered
[    0.887777] acpiphp: ACPI Hot Plug PCI Controller Driver version: 0.5
[    0.895384] PCI: Using configuration type 1 for base access
[    0.911579] ACPI: Added _OSI(Module Device)
[    0.930022] ACPI: Added _OSI(Processor Device)
[    0.934720] ACPI: Added _OSI(3.0 _SCP Extensions)
[    0.936160] ACPI: Added _OSI(Processor Aggregator Device)
[    0.940019] ACPI: Executed 1 blocks of module-level executable AML code
[    0.962034] ACPI: Interpreter enabled
[    0.962997] ACPI Exception: AE_NOT_FOUND, While evaluating Sleep State [\_S1_] (20150930/hwxface-580)
[    0.965104] ACPI Exception: AE_NOT_FOUND, While evaluating Sleep State [\_S2_] (20150930/hwxface-580)
[    0.977315] ACPI Exception: AE_NOT_FOUND, While evaluating Sleep State [\_S3_] (20150930/hwxface-580)
[    0.993269] ACPI Exception: AE_NOT_FOUND, While evaluating Sleep State [\_S4_] (20150930/hwxface-580)
[    1.047415] ACPI: (supports S0 S5)
[    1.048238] ACPI: Using IOAPIC for interrupt routing
[    1.049587] PCI: Using host bridge windows from ACPI; if necessary, use "pci=nocrs" and report a bug
[    1.056712] ACPI: PCI Root Bridge [PCI0] (domain 0000 [bus 00-ff])
[    1.058591] acpi PNP0A03:00: _OSC: OS supports [ASPM ClockPM Segments MSI]
[    1.060250] acpi PNP0A03:00: _OSC failed (AE_NOT_FOUND); disabling ASPM
[    1.073149] acpi PNP0A03:00: fail to add MMCONFIG information, can't access extended PCI configuration space under this bridge.
[    1.076265] PCI host bridge to bus 0000:00
[    1.077350] pci_bus 0000:00: root bus resource [io  0x0000-0x0cf7 window]
[    1.084559] pci_bus 0000:00: root bus resource [io  0x0d00-0xffff window]
[    1.086292] pci_bus 0000:00: root bus resource [mem 0x000a0000-0x000bffff window]
[    1.088271] pci_bus 0000:00: root bus resource [mem 0x40000000-0xffdfffff window]
[    1.090316] pci_bus 0000:00: root bus resource [bus 00-ff]
[    1.093787] pci 0000:00:01.1: legacy IDE quirk: reg 0x10: [io  0x01f0-0x01f7]
[    1.095588] pci 0000:00:01.1: legacy IDE quirk: reg 0x14: [io  0x03f6]
[    1.107411] pci 0000:00:01.1: legacy IDE quirk: reg 0x18: [io  0x0170-0x0177]
[    1.109154] pci 0000:00:01.1: legacy IDE quirk: reg 0x1c: [io  0x0376]
[    1.130730] pci 0000:00:07.0: quirk: [io  0x4000-0x403f] claimed by PIIX4 ACPI
[    1.186430] pci 0000:00:07.0: quirk: [io  0x4100-0x410f] claimed by PIIX4 SMB
[    1.221988] ACPI: PCI Interrupt Link [LNKA] (IRQs 5 9 10 *11)
[    1.290349] ACPI: PCI Interrupt Link [LNKB] (IRQs 5 9 10 *11)
[    1.358273] ACPI: PCI Interrupt Link [LNKC] (IRQs 5 9 *10 11)
[    1.427936] ACPI: PCI Interrupt Link [LNKD] (IRQs 5 *9 10 11)
[    1.490209] ACPI: Enabled 2 GPEs in block 00 to 07
[    1.546931] vgaarb: setting as boot device: PCI:0000:00:02.0
[    1.598554] vgaarb: device added: PCI:0000:00:02.0,decodes=io+mem,owns=io+mem,locks=none
[    1.665118] vgaarb: loaded
[    1.690482] vgaarb: bridge control possible 0000:00:02.0
[    1.742679] SCSI subsystem initialized
[    1.783068] ACPI: bus type USB registered
[    1.833148] usbcore: registered new interface driver usbfs
[    1.904216] usbcore: registered new interface driver hub
[    1.916638] usbcore: registered new device driver usb
[    1.918037] PCI: Using ACPI for IRQ routing
[    1.957076] NetLabel: Initializing
[    1.958547] NetLabel:  domain hash size = 128
[    2.025901] NetLabel:  protocols = UNLABELED CIPSOv4
[    2.078881] NetLabel:  unlabeled traffic allowed by default
[    2.142926] clocksource: Switched to clocksource kvm-clock
[   2.92] pAorAprmr lestm Ebled
[    2.737203] pnp: PnP ACPI init
[    2.38901]pn P AI:ou 3eves
[    3.182794] clocksource: acpi_pm: mask: 0xffffff max_cycles: 0xffffff, max_idle_ns: 2085701024 ns
[    3.275893] NET: Registered protocol family 2
[    3.375406] TCP established hash table entries: 8192 (order: 4, 65536 bytes)
[    3.482441] TCP bind hash table entries: 8192 (order: 5, 131072 bytes)
[    3.703356] TCP: Hash tables configured (established 8192 bind 8192)
[    3.744014] UDP hash table entries: 512 (order: 2, 16384 bytes)
[    3.758525] UDP-Lite hash table entries: 512 (order: 2, 16384 bytes)
[    3.810436] NET: Registered protocol family 1
[    3.814181] pci 0000:00:00.0: Limiting direct PCI/PCI transfers
[    3.818593] pci 0000:00:01.0: Activating ISA DMA hang workarounds
[    3.824196] Trying to unpack rootfs image as initramfs...
[    4.960688] Freeing initrd memory: 7260K (ffff8800371c2000 - ffff8800378d9000)
[    4.969936] RAPL PMU detected, API unit is 2^-32 Joules, 4 fixed counters 10737418240 ms ovfl timer
[    4.980503] hw unit of domain pp0-core 2^-0 Joules
[    4.981864] hw unit of domain package 2^-0 Joules
[    4.983943] hw unit of domain dram 2^-0 Joules
[    4.985004] hw unit of domain pp1-gpu 2^-0 Joules
[    4.986807] platform rtc_cmos: registered platform RTC device (no PNP device found)
[    5.029375] Scanning for low memory corruption every 60 seconds
[    5.101852] futex hash table entries: 512 (order: 3, 32768 bytes)
[    5.243479] audit: initializing netlink subsys (disabled)
[    5.412026] audit: type=2000 audit(1472249651.104:1): initialize
[    5.493349] Initialise system trusted keyring
[    5.613351] HugeTLB registered 2 MB page size, pre-allocated 0 pages
[    5.784300] zbud: loaded
[    5.888428] VFS: Disk quotas dquot_6.6.0
[    5.983793] tsc: Refined TSC clocksource calibration: 2599.936 MHz
[    5.983796] clocksource: tsc: mask: 0xffffffffffffffff max_cycles: 0x2579ffd8669, max_idle_ns: 440795304462 ns
[    6.108180] VFS: Dquot-cache hash table entries: 512 (order 0, 4096 bytes)
[    6.219770] squashfs: version 4.0 (2009/01/31) Phillip Lougher
[    6.407411] fuse init (API version 7.23)
[    6.451423] Key type big_key registered
[    6.476760] Allocating IMA MOK and blacklist keyrings.
[    6.482069] Key type asymmetric registered
[    6.490331] Asymmetric key parser 'x509' registered
[    6.492092] Block layer SCSI generic (bsg) driver version 0.4 loaded (major 249)
[    6.532008] io scheduler noop registered
[    6.596801] io scheduler deadline registered (default)
[    6.598095] io scheduler cfq registered
[    6.599138] pci_hotplug: PCI Hot Plug PCI Core version: 0.5
[    6.621395] pciehp: PCI Express Hot Plug Controller Driver version: 0.4
[    6.631880] ACPI: AC Adapter [AC] (off-line)
[    6.634084] input: Power Button as /devices/LNXSYSTM:00/LNXPWRBN:00/input/input0
[    6.635834] ACPI: Power Button [PWRF]
[    6.636784] input: Sleep Button as /devices/LNXSYSTM:00/LNXSLPBN:00/input/input1
[    6.638483] ACPI: Sleep Button [SLPF]
[    6.639648] GHES: HEST is not enabled!
[    6.640849] ACPI: Battery Slot [BAT0] (battery present)
[    6.643094] Serial: 8250/16550 driver, 32 ports, IRQ sharing enabled
[    6.683708] 00:02: ttyS0 at I/O 0x3f8 (irq = 4, base_baud = 115200) is a 16550A
[    6.761935] Linux agpgart interface v0.103
[    6.783026] brd: module loaded
[    6.836860] loop: module loaded
[    6.854220] scsi host0: ata_piix
[    6.898059] scsi host1: ata_piix
[    6.915721] ata1: PATA max UDMA/33 cmd 0x1f0 ctl 0x3f6 bmdma 0xd000 irq 14
[    6.935583] ata2: PATA max UDMA/33 cmd 0x170 ctl 0x376 bmdma 0xd008 irq 15
[    6.981814] libphy: Fixed MDIO Bus: probed
[    7.018339] tun: Universal TUN/TAP device driver, 1.6
[    7.051502] tun: (C) 1999-2004 Max Krasnyansky <maxk@qualcomm.com>
[    7.099713] PPP generic driver version 2.4.2
[    7.100778] ehci_hcd: USB 2.0 'Enhanced' Host Controller (EHCI) Driver
[    7.114289] ehci-pci: EHCI PCI platform driver
[    7.115389] ehci-platform: EHCI generic platform driver
[    7.197722] ohci_hcd: USB 1.1 'Open' Host Controller (OHCI) Driver
[    7.261710] ohci-pci: OHCI PCI platform driver
[    7.265764] ohci-platform: OHCI generic platform driver
[    7.281623] uhci_hcd: USB Universal Host Controller Interface driver
[    7.287185] i8042: PNP: PS/2 Controller [PNP0303:PS2K,PNP0f03:PS2M] at 0x60,0x64 irq 1,12
[    7.313258] serio: i8042 KBD port at 0x60,0x64 irq 1
[    7.322485] serio: i8042 AUX port at 0x60,0x64 irq 12
[    7.325279] mousedev: PS/2 mouse device common for all mice
[    7.331431] input: AT Translated Set 2 keyboard as /devices/platform/i8042/serio0/input/input2
[    7.341072] rtc_cmos rtc_cmos: rtc core: registered rtc_cmos as rtc0
[    7.343837] rtc_cmos rtc_cmos: alarms up to one day, 114 bytes nvram
[    7.346090] i2c /dev entries driver
[    7.3510] vie-mapper: uevntveio1.3
[    7.722254] device-mapper: ioctl: 4.34.0-ioctl (2015-10-28) initialised: dm-devel@redhat.com
[    7.774749] ledtrig-cpu: registered to indicate activity on CPUs
[    7.782621] NET: Registered protocol family 10
[    7.791624] NET: Registered protocol family 17
[    7.833460] Key type dns_resolver registered
[    7.892683] microcode: CPU0 sig=0x40651, pf=0x40, revision=0x0
[    7.906225] microcode: CPU1 sig=0x40651, pf=0x40, revision=0x0
[    7.934580] microcode: Microcode Update Driver: v2.01 <tigran@aivazian.fsnet.co.uk>, Peter Oruba
[    7.962934] registered taskstats version 1
[    7.963938] Loading compiled-in X.509 certificates
[    7.965595] Loaded X.509 cert 'Build time autogenerated kernel key: c40ffa48d8617ce4553ee3ab59017c95e74f2501'
[    7.993399] zswap: loaded using pool lzo/zbud
[    7.996381] Key type trusted registered
[    8.022418] Key type encrypted registered
[    8.066443] AppArmor: AppArmor sha1 policy hashing enabled
[    8.103400] ima: No TPM chip found, activating TPM-bypass!
[    8.133554] evm: HMAC attrs: 0x1
[    8.164704]   Magic number: 12:469:250
[    8.221613] rtc_cmos rtc_cmos: setting system clock to 2016-08-26 22:14:10 UTC (1472249650)
[    8.273396] BIOS EDD facility v0.16 2004-Jun-25, 0 devices found
[    8.322666] EDD information not available.
[    8.372000] Freeing unused kernel memory: 1480K (ffffffff81f42000 - ffffffff820b4000)
[    8.383701] Write protecting the kernel read-only data: 14336k
[    8.389725] Freeing unused kernel memory: 1832K (ffff880001836000 - ffff880001a00000)
[    8.397641] Freeing unused kernel memory: 152K (ffff880001dda000 - ffff880001e00000)
Loading, please [    8.423893] random: systemd-udevd urandom read with 3 bits of entropy available
wait...
starting version 229
[    8.463547] e1000: Intel(R) PRO/1000 Network Driver - version 7.3.21-k8-NAPI
[    8.493644] e1000: Copyright (c) 1999-2006 Intel Corporation.
[    8.533150] Fusion MPT base driver 3.04.20
[    8.541970] Copyright (c) 1999-2008 LSI Corporation
[    8.578753] Fusion MPT SPI Host driver 3.04.20
[    8.693255] AVX version of gcm_enc/dec engaged.
[    8.695339] AES CTR mode by8 optimization enabled
[    8.815718] input: ImExPS/2 Generic Explorer Mouse as /devices/platform/i8042/serio1/input/input4
[    9.087611] e1000 0000:00:03.0 eth0: (PCI:33MHz:32-bit) 02:50:1b:09:58:23
[    9.096559] e1000 0000:00:03.0 eth0: Intel(R) PRO/1000 Network Connection
[    9.114700] mptbase: ioc0: Initiating bringup
[    9.130224] e1000 0000:00:03.0 enp0s3: renamed from eth0
[    9.193652] ioc0: LSI53C1030 A0: Capabilities={Initiator}
[   10.066146] scsi host2: ioc0: LSI53C1030 A0, FwRev=00000000h, Ports=1, MaxQ=256, IRQ=20
[   11.493472] scsi 2:0:0:0: Direct-Access     VBOX     HARDDISK         1.0  PQ: 0 ANSI: 5
[   11.584480] scsi target2:0:0: Beginning Domain Validation
[   11.593300] scsi target2:0:0: Domain Validation skipping write tests
[   11.652434] scsi target2:0:0: Ending Domain Validation
[   11.656173] floppy0: no floppy controllers found
[   11.688010] scsi target2:0:0: asynchronous
[   11.707300] scsi 2:0:1:0: Direct-Access     VBOX     HARDDISK         1.0  PQ: 0 ANSI: 5
[   11.785270] scsi target2:0:1: Beginning Domain Validation
[   11.792106] scsi target2:0:1: Domain Validation skipping write tests
[   11.798796] scsi target2:0:1: Ending Domain Validation
[   11.808429] scsi target2:0:1: asynchronous
[   11.834575] sd 2:0:0:0: Attached scsi generic sg0 type 0
[   11.844484] sd 2:0:0:0: [sda] 20971520 512-byte logical blocks: (10.7 GB/10.0 GiB)
[   11.865456] sd 2:0:1:0: Attached scsi generic sg1 type 0
[   11.906615] sd 2:0:1:0: [sdb] 20480 512-byte logical blocks: (10.5 MB/10.0 MiB)
[   11.906700] sd 2:0:0:0: [sda] Write Protect is off
[   11.906817] sd 2:0:0:0: [sda] Incomplete mode parameter data
[   11.906819] sd 2:0:0:0: [sda] Assuming drive cache: write through
[   11.967961]  sda: sda1
[   11.968481] sd 2:0:0:0: [sda] Attached SCSI disk
[   12.104190] sd 2:0:1:0: [sdb] Write Protect is off
[   12.190336] sd 2:0:1:0: [sdb] Incomplete mode parameter data
[   12.191909] sd 2:0:1:0: [sdb] Assuming drive cache: write through
[   12.314870] sd 2:0:1:0: [sdb] Attached SCSI disk
Begin: Loading e[   13.763338] md: linear personality registered for level -1
ssential drivers ... [   13.816188] md: multipath personality registered for level -4
[   13.845502] md: raid0 personality registered for level 0
[   13.888188] md: raid1 personality registered for level 1
[   13.983019] raid6: sse2x1   gen()  7685 MB/s
[   14.063059] raid6: sse2x1   xor()  4661 MB/s
[   14.131103] raid6: sse2x2   gen()  4842 MB/s
[   14.203167] raid6: sse2x2   xor()  7733 MB/s
[   14.295041] raid6: sse2x4   gen() 12215 MB/s
[   14.375272] raid6: sse2x4   xor()  7209 MB/s
[   14.379124] raid6: using algorithm sse2x4 gen() 12215 MB/s
[   14.380317] raid6: .... xor() 7209 MB/s, rmw enabled
[   14.384390] raid6: using ssse3x2 recovery algorithm
[   14.413352] xor: automatically using best checksumming function:
[   14.478951]    avx       : 28252.000 MB/sec
[   14.493977] async_tx: api initialized (async)
[   14.518741] md: raid6 personality registered for level 6
[   14.544582] md: raid5 personality registered for level 5
[   14.546109] md: raid4 personality registered for level 4
[   14.553176] md: raid10 personality registered for level 10
done.
Begin: Running /scripts/init-premount ... done.
Begin: M[   14.592184] Btrfs loaded
ounting root file system ... Begin: Running /scripts/local-top ... done.
Begin: Running /scripts/local-premount ... Scanning for Btrfs filesystems
done.
Warning: fsck no[   14.647554] EXT4-fs (sda1): mounted filesystem with ordered data mode. Opts: (null)
t present, so skipping root file system
done.
Begin: Running /scripts/local-bottom ... done.
Begin: Running /scripts/init-bottom ... Warning: overlayroot: debug is busted
done.
[   14.824641] systemd[1]: systemd 229 running in system mode. (+PAM +AUDIT +SELINUX +IMA +APPARMOR +SMACK +SYSVINIT +UTMP +LIBCRYPTSETUP +GCRYPT +GNUTLS +ACL +XZ -LZ4 +SECCOMP +BLKID +ELFUTILS +KMOD -IDN)
[   14.848463] systemd[1]: Detected virtualization oracle.
[   14.856022] systemd[1]: Detected architecture x86-6. 
Welcome to [1mUbuntu 16.04.1 LTS[0m!

[   15.01590] systemd[1]:Set hostname to <ubuntu-xenial>.

[  12743 stemd1] Rch tgeEnyptedoles

[[0;32m  OK  [0m] Reached target Encrypted Volumes.
[ 16.0079]ysmd1]Liening on udev Kernel Socket.

[[0;32m  OK  [0m] Listening on udev Kernel Socket.
[  16.375761] sstmd1]Lieng on Journal Sockt.

[[0;32m  OK  [0m] Listening on Journal Socket.
[ 1686732] syem1]Strtd orrdasswo Requests to Wall Directory Watch.
[[0;32m  OK  [0m] Started Forward Password Requests to Wall Directory Watch.
[ 17.547279] systemd[1]: Reached target User and Group Name Lookups.
[[0;32m  OK  [0m] Reached target User and Group Name Lookups.
[   17.636943] systemd[1]: Listening on LVM2 metadata daemon socket.
[[0;32m  OK  [0m] Listening on LVM2 metadata daemon socket.
[   17.640062] systemd[1]: Listening on Journal Audit Socket.
[[0;32m  OK  [0m] Listening on Journal Audit Socket.
[   17.808109] systemd[1]: Listening on LVM2 poll daemon socket.
[[0;32m  OK  [0m] Listening on LVM2 poll daemon socket.
[   17.811362] systemd[1]: Listening on Syslog Socket.
[[0;32m  OK  [0m] Listening on Syslog Socket.
[   17.81428] systemd[1]: Listening on uddev onolocet. [[0;32m  OK  [0m] Listening on udev Control Socket.
[  12040systmd]:reated icUs a Seion Slice.
[[0;32m  OK  [0m] Created slice User and Session Slice.
[   18.773061] systemd[1]: Reached target Swap.
[[0;32m  OK  [0m] Reached target Swap.
[ 18038] sytemd[1: stinoneve-pp eent daemon FIs.
[[0;32m  OK  [0m] Listening on Device-mapper event daemon FIFOs.
[   9.44954syem1]Crteslice System Slice.

[[0;32m  OK  [0m] Created slice System Slice.
[   19.803147] systemd[1]: Mounting Huge Pages File System...
         Mounting Huge Pages File System...
[   19.907541] systemd[1]: Starting Load Kernel Modules...
         Starting Load Kernel Modules...
[   19.967146] Loading iSCSI transport class v2.0-870.
[   19.967692] systemd[1]: Starting Monitoring of LVM2 mirrors, snapshots etc. using dmeventd or progress polling...
         Starting Monitoring of [   20.137974] iscsi: registered transport (tcp)
LVM2 mirrors... dmeventd or progress polling...
[   21.015527] systemd[1]: Starting Uncomplicated firewall...
         Startin[   21.028412] iscsi: registered transport (iser)
g Uncomplicated firewall...
[   21.111389] systemd[1]: Reached target Slices.
[[0;32m  OK  [0m] Reached target Slices.
[   21.163276] systemd[1]: Mounting Debug File System...
         Mounting Debug File System...
[   21.279968] systemd[1]: Starting Create list of required static device nodes for the current kernel...
[   21.287850] random: nonblocking pool is initialized
         Starting Create list of required st... nodes for the current kernel...
[   21.515330] systemd[1]: Starting Nameserver information manager...
         Starting Nameserver information manager...
[   21.635674] systemd[1]: Created slice system-serial\x2dgetty.slice.
[[0;32m  OK  [0m] Created slice system-serial\x2dgetty.slice.
[   21.908675] systemd[1]: Set up automount Arbitrary Executable File Formats File System Automount Point.
[[0;32m  OK  [0m] Set up automount Arbitrary Executab...ats File System Automount Point.
[   22.055175] systemd[1]: Starting Set console keymap...
         Starting Set console keymap...
[   22.105464] systemd[1]: Listening on Journal Socket (/dev/log).
[[0;32m  OK  [0m] Listening on Journal Socket (/dev/log).
[   22.171540] systemd[1]: Starting Journal Service...
         Starting Journal Service...
[   22.276367] systemd[1]: Listening on /dev/initctl Compatibility Named Pipe.
[[0;32m  OK  [0m] Listening on /dev/initctl Compatibility Named Pipe.
[   22.587487] systemd[1]: Mounting POSIX Message Queue File System...
         Mounting POSIX Message Queue File System...
[   22.735851] systemd[1]: Starting Remount Root and Kernel File Systems...
         Startin[   22.747347] EXT4-fs (sda1): re-mounted. Opts: (null)
g Remount Root and Kernel File Systems...
[   22.836713] systemd[1]: Mounted Huge Pages File System.
[[0;32m  OK  [0m] Mounted Huge Pages File System.
[   22.912247] systemd[1]: Mounted Debug File System.
[[0;32m  OK  [0m] Mounted Debug File System.
[   22.997493] systemd[1]: Mounted POSIX Message Queue File System.
[[0;32m  OK  [0m] Mounted POSIX Message Queue File System.
[   23.115783] systemd[1]: Started Journal Service.
[[0;32m  OK  [0m] Started Journal Service.
[[0;32m  OK  [0m] Started Load Kernel Modules.
[[0;32m  OK  [0m] Started Uncomplicated firewall.
[[0;32m  OK  [0m] Started Create list of required sta...ce nodes for the current kernel.
[[0;32m  OK  [0m] Started Set console keymap.
[[0;32m  OK  [0m] Started Remount Root and Kernel File Systems.
[[0;32m  OK  [0m] Started Nameserver information manager.
[[0;32m  OK  [0m] Started LVM2 metadata daemon.
         Starting udev Coldplug all Devices...
         Starting Load/Save Random Seed...
         Starting Create Static Device Nodes in /dev...
         Mounting FUSE Control File System...
         Starting Apply Kernel Variables...
         Starting Flush Journal to Persistent Storage...
[[0;32m  OK  [0m] Mounted FUSE Control File System.
[[0;32m  OK  [0m] Started Load/Save Random Seed.
[[0;32m  OK  [0m] Started Create Static Device Nodes in /dev.
[[0;32m  OK  [0m] Started Apply Kernel Variables.
[[0;32m  OK  [0m] Started Monitoring of LVM2 mirrors,...ng dmeventd or progress polling.
[[0;32m  OK  [0m] Started udev Coldplug all Devices.
         Starting udev Kernel Device Manager...
[[0;32m  OK  [0m] Started Flush Journal to Persistent Storage.
[[0;32m  OK  [0m] Started udev Kernel Device Manager.
[[0;32m  OK  [0m] Reached target Local File Systems (Pre).
[[0;32m  OK  [0m] Reached target Local File Systems.
         Starting Set console font and keymap...
         Starting Initial cloud-init job (pre-networking)...
         Starting LSB: AppArmor initialization...
         Starting Enable support for additional executable binary formats...
         Starting Tell Plymouth To Write Out Runtime Data...
[[0;32m  OK  [0m] Started Dispatch Password Requests to Console Directory Watch.
         Starting Create Volatile Files and Directories...
[[0;32m  OK  [0m] Started Tell Plymouth To Write Out Runtime Data.
[[0;32m  OK  [0m] Started Create Volatile Files and Directories.
         Mounting Arbitrary Executable File Formats File System...
         Starting Update UTMP about System Boot/Shutdown...
[[0;32m  OK  [0m] Reached target System Time Synchronized.
[[0;32m  OK  [0m] Mounted Arbitrary Executable File Formats File System.
[[0;32m  OK  [0m] Started LSB: AppArmor initialization.
[[0;32m  OK  [0m] Started Set console font and keymap.
[[0;32m  OK  [0m] Started Enable support for additional executable binary formats.
[[0;32m  OK  [0m] Started Update UTMP about System Boot/Shutdown.
[[0;32m  OK  [0m] Created slice system-getty.slice.
[[0;32m  OK  [0m] Reached target System Initialization.
         Starting LXD - unix socket.
[[0;32m  OK  [0m] Started Daily Cleanup of Temporary Directories.
[[0;32m  OK  [0m] Listening on RPCbind Server Activation Socket.
         Starting Socket activation for snappy daemon.
[[0;32m  OK  [0m] Listening on ACPID Listen Socket.
[[0;32m  OK  [0m] Listening on D-Bus System Message Bus Socket.
[[0;32m  OK  [0m] Started Trigger resolvconf update for networkd DNS.
[[0;32m  OK  [0m] Listening on UUID daemon activation socket.
[[0;32m  OK  [0m] Started Daily apt activities.
[[0;32m  OK  [0m] Started Timer to automatically refresh installed snaps.
[[0;32m  OK  [0m] Reached target Timers.
[[0;32m  OK  [0m] Started ACPI Events Check.
[[0;32m  OK  [0m] Reached target Paths.
[[0;32m  OK  [0m] Listening on LXD - unix socket.
[[0;32m  OK  [0m] Listening on Socket activation for snappy daemon.
[[0;32m  OK  [0m] Found device /dev/ttyS0.
[[0;32m  OK  [0m] Listening on Load/Save RF Kill Switch Status /dev/rfkill Watch.
[   23.975400] [cloud-init[0;32m  OK  [0m[976]: ] Cloud-init v. 0.7.7 running 'init-local' at Fri, 26 Aug 2016 22:14:27 +0000. Up 23.58 seconds.Reached target Sockets.

[[0;32m  OK  [0m] Reached target Basic System.
[[0;32m  OK  [0m] Started ACPI event daemon.
         Starting Login Service...
         Starting LSB: Record successful boot for GRUB...
         Starting Accounts Service...
         Starting System Logging Service...
         Starting vboxadd-x11.service...
[[0;32m  OK  [0m] Started Snappy daemon.
[[0;32m  OK  [0m] Started FUSE filesystem for LXC.
[[0;32m  OK  [0m] Started Deferred execution scheduler.
         Starting LSB: MD monitoring daemon...
[[0;32m  OK  [0m] Started Regular background program processing daemon.
         Starting vboxadd.service...
         Starting LXD - container startup/shutdown...
[[0;32m  OK  [0m] Started D-Bus System Message Bus.
[[0;32m  OK  [0m] Started System Logging Service.
[[0;32m  OK  [0m] Started vboxadd-x11.service.
[[0;32m  OK  [0m] Started vboxadd.service.
[[0;32m  OK  [0m] Started LXD - container startup/shutdown.
[[0;32m  OK  [0m] Started Initial cloud-init job (pre-networking).
[[0;32m  OK  [0m] Started LSB: Record successful boot for GRUB.
[[0;32m  OK  [0m] Started LSB: MD monitoring daemon.
[[0;32m  OK  [0m] Started Login Service.
         Starting Authenticate and Authorize Users to Run Privileged Tasks...
[[0;32m  OK  [0m] Reached target Network (Pre).
[[0;32m  OK  [0m] Started ifup for enp0s3.
         Starting Raise network interfaces...
         Starting vboxadd-service.service...
[[0;32m  OK  [0m] Started Authenticate and Authorize Users to Run Privileged Tasks.
[[0;32m  OK  [0m] Started vboxadd-service.service.
[[0;32m  OK  [0m] Started Accounts Service.
[[0;32m  OK  [0m] Started Raise network interfaces.
[[0;32m  OK  [0m] Reached target Network.
         Starting Initial cloud-init job (metadata service crawler)...
[   27.559270] cloud-init[2202]: Cloud-init v. 0.7.7 running 'init' at Fri, 26 Aug 2016 22:14:31 +0000. Up 27.10 seconds.
[   27.609393] cloud-init[2202]: ci-info: +++++++++++++++++++++++++++++++++++++Net device info++++++++++++++++++++++++++++++++++++++
[   27.640493] cloud-init[2202]: ci-info: +--------+------+----------------------------+---------------+-------+-------------------+
[   27.691252] cloud-init[2202]: ci-info: | Device |  Up  |          Address           |      Mask     | Scope |     Hw-Address    |
[[0;32m  OK  [0m] Started Initial cloud-init job (metadata service crawler).[   27.720489] 
cloud-init[2202]: ci-info: +--------+------+----------------------------+---------------+-------+-------------------+
[   27.720812] cloud-init[2202]: ci-info: | enp0s3 | True |         10.0.2.15          | 255.255.255.0 |   .   | 02:50:1b:09:58:23 |
[   27.762026] cloud-init[2202]: ci-info: | enp0s3 | True | fe80::50:1bff:fe09:5823/64 |       .       |  link | 02:50:1b:09:58:23 |
[[0;32m  OK  [0m] Reached target Cloud-config availability.
[   27.762787] cloud-init[2202]: ci-info: |   lo   | True |         127.0.0.1          |   255.0.0.0   |   .   |         .         |
[[0;32m  OK  [0m] Reached target Network is Online.
[   27.797567] cloud-init[2202]: ci-info: |   lo   | True |          ::1/128           |       .       |  host |         .         |
[   27.851801] cloud-init[2202]: ci-info: +--------+------+----------------------------+---------------+-------+-------------------+
[   27.852175] cloud-init[2202]: ci-info: +++++++++++++++++++++++++++Route IPv4 info++++++++++++++++++++++++++++
         Starting iSCSI initiator daemon (iscsid)...
[   27.852491] cloud-init[2202]: ci-info: +-------+-------------+----------+---------------+-----------+-------+
[   27.988666] cloud-init[2202]: ci-info: | Route | Destination | Gateway  |    Genmask    | Interface | Flags |
[   27.988960] cloud-init         [2202]: Starting /etc/rc.local Compatibility...ci-info: +-------+-------------+----------+---------------+-----------+-------+

[   27.989461] cloud-init[2202]: ci-info: |   0   |   0.0.0.0   | 10.0.2.2 |    0.0.0.0    |   enp0s3  |   UG  |
[   28.138461] cloud-init[2202]: ci-info: |   1   |   10.0.2.0  | 0.0.0.0  | 255.255.255.0 |   enp0s3  |   U   |
         [   28.164573] Starting Apply the settings specified in cloud-config...cloud-init
[2202]: ci-info: +-------+-------------+----------+---------------+-----------+-------+
         Starting OpenBSD Secure Shell server...
[[0;32m  OK  [0m] Started OpenBSD Secure Shell server.
[[0;32m  OK  [0m] Started /etc/rc.local Compatibility.
[[0;32m  OK  [0m] Started iSCSI initiator daemon (iscsid).
         Starting Login to default iSCSI targets...
[[0;32m  OK  [0m] Started Login to default iSCSI targets.
[[0;32m  OK  [0m] Reached target Remote File Systems (Pre).
[[0;32m  OK  [0m] Reached target Remote File Systems.
         Starting LSB: Set the CPU Frequency Scaling governor to "ondemand"...
         Starting Permit User Sessions...
         Starting LSB: daemon to balance interrupts for SMP systems...
         Starting LSB: automatic crash report generation...
[[0;32m  OK  [0m] Started Permit User Sessions.
[[0;32m  OK  [0m] Started LSB: Set the CPU Frequency Scaling governor to "ondemand".
         Starting Terminate Plymouth Boot Screen...
         Starting Hold until boot process finishes up...
[[0;32m  OK  [0m] Started LSB: daemon to balance interrupts for SMP systems.
[[0;32m  OK  [0m] Started LSB: automatic crash report generation.
[[0;32m  OK  [0m] Started Terminate Plymouth Boot Screen.
[[0;32m  OK  [0m] Started Hold until boot process finishes up.
         Starting Set console scheme...
[   28.929130] cloud-init[2251]: Cloud-init v. 0.7.7 running 'modules:config' at Fri, 26 Aug 2016 22:14:32 +0000. Up 28.67 seconds.
[[0;32m  OK  [0m] Started Getty on tty1.
[[0;32m  OK  [0m] Started Serial Getty on ttyS0.
[[0;32m  OK  [0m] Reached target Login Prompts.
[[0;32m  OK  [0m] Started Apply the settings specified in cloud-config.
[[0;32m  OK  [0m] Started Set console scheme.
[[0;32m  OK  [0m] Created slice User Slice of ubuntu.
[[0;32m  OK  [0m] Started Session 1 of user ubuntu.
         Starting User Manager for UID 1000...
         Starting Execute cloud user/final scripts...
[[0;32m  OK  [0m] Started User Manager for UID 1000.
[   29.813189] cloud-init[2343]: Cloud-init v. 0.7.7 running 'modules:final' at Fri, 26 Aug 2016 22:14:33 +0000. Up 29.68 seconds.
[   29.867834] [[0;32m  OK  [0m] Started Execute cloud user/final scripts.
cloud-init[2343]: Cloud-init v. 0.7.7 finished at Fri, 26 Aug 2016 22:14:33 +0000. Datasource DataSourceNoCloud [seed=/dev/sdb][dsmode=net].  Up 29.80 seconds
[[0;32m  OK  [0m] Reached target Cloud-init target.
[[0;32m  OK  [0m] Reached target Multi-User System.
[[0;32m  OK  [0m] Reached target Graphical Interface.
         Starting Update UTMP about System Runlevel Changes...
[[0;32m  OK  [0m] Started Update UTMP about System Runlevel Changes.

Ubuntu 16.04.1 LTS ubuntu-xenial ttyS0

ubuntu-xenial login:          Stopping User Manager for UID 1000...
         Stopping ACPI event daemon...
         Starting Unatn[[0;32m  OK  [0m] Stopped Execute cloud user/final scripts.
[[0;32m  OK  [0m] Stopped Apply the settings specified in cloud-config.
[[0;32m  OK  [0m] Stopped target Cloud-config availability.
         Stopping Regular background program processing daemon...
         Stopping D-Bus System Message Bus...
         Stopping Accounts Service...
         Stopping LSB: automatic crash report generation...
         Stopping LSB: Record successful boot for GRUB...
         Stopping LSB: daemon to balance interrupts for SMP systems...
         Stopping LSB: MD monitoring daemon...
[[0;32m  OK  [0m] Closed Load/Save RF Kill Switch Status /dev/rfkill Watch.
         Stopping vboxadd-service.service...
         Stopping vboxadd-x11.service...
[[0;32m  OK  [0m] Unmounted /var/lib/lxcfs.
[[0;32m  OK  [0m] Stopped ACPI event daemon.
[[0;32m  OK  [0m] Stopped Accounts Service.
[[0;32m  OK  [0m] Stopped System Logging Service.
[[0;32m  OK  [0m] Stopped Snappy daemon.
[[0;32m  OK  [0m] Stopped Deferred execution scheduler.
[[0;32m  OK  [0m] Stopped Regular background program processing daemon.
[[0;32m  OK  [0m] Stopped Authenticate and Authorize Users to Run Privileged Tasks.
[[0;32m  OK  [0m] Stopped OpenBSD Secure Shell server.
[[0;32m  OK  [0m] Stopped Getty on tty1.
[[0;32m  OK  [0m] Stopped Serial Getty on ttyS0.
[[0;32m  OK  [0m] Stopped User Manager for UID 1000.
[[0;32m  OK  [0m] Started Unattended Upgrades Shutdown.
[[0;32m  OK  [0m] Stopped Session 3 of user ubuntu.
[[0;32m  OK  [0m] Stopped D-Bus System Message Bus.
[[0;32m  OK  [0m] Stopped vboxadd-service.service.
[[0;32m  OK  [0m] Stopped vboxadd-x11.service.
[[0;32m  OK  [0m] Stopped FUSE filesystem for LXC.
[[0;32m  OK  [0m] Stopped LXD - container startup/shutdown.
[[0;32m  OK  [0m] Stopped LSB: Set the CPU Frequency Scaling governor to "ondemand".
[[0;32m  OK  [0m] Stopped LSB: Record successful boot for GRUB.
[[0;32m  OK  [0m] Stopped LSB: MD monitoring daemon.
[[0;32m  OK  [0m] Stopped LSB: automatic crash report generation.
[[0;32m  OK  [0m] Stopped LSB: daemon to balance interrupts for SMP systems.
         Stopping vboxadd.service...
[[0;32m  OK  [0m] Removed slice User Slice of ubuntu.
         Stopping Login Service...
[[0;32m  OK  [0m] Removed slice system-serial\x2dgetty.slice.
[[0;32m  OK  [0m] Stopped /etc/rc.local Compatibility.
[[0;32m  OK  [0m] Removed slice system-getty.slice.
         Stopping Permit User Sessions...
[[0;32m  OK  [0m] Unmounted /vagrant.
[[0;32m  OK  [0m] Stopped Login Service.
[[0;32m  OK  [0m] Stopped vboxadd.service.
[[0;32m  OK  [0m] Stopped Permit User Sessions.
[[0;32m  OK  [0m] Stopped target Remote File Systems.
[[0;32m  OK  [0m] Stopped target Remote File Systems (Pre).
         Stopping Login to default iSCSI targets...
[[0;32m  OK  [0m] Stopped target User and Group Name Lookups.
[[0;32m  OK  [0m] Stopped Login to default iSCSI targets.
         Stopping iSCSI initiator daemon (iscsid)...
[[0;32m  OK  [0m] Stopped iSCSI initiator daemon (iscsid).
[[0;32m  OK  [0m] Stopped target Network is Online.
[[0;32m  OK  [0m] Stopped Initial cloud-init job (metadata service crawler).
[[0;32m  OK  [0m] Stopped target Basic System.
[[0;32m  OK  [0m] Stopped target Paths.
[[0;32m  OK  [0m] Stopped Trigger resolvconf update for networkd DNS.
[[0;32m  OK  [0m] Stopped ACPI Events Check.
[[0;32m  OK  [0m] Stopped Dispatch Password Requests to Console Directory Watch.
[[0;32m  OK  [0m] Stopped Forward Password Requests to Wall Directory Watch.
[[0;32m  OK  [0m] Stopped target Slices.
[[0;32m  OK  [0m] Removed slice User and Session Slice.
[[0;32m  OK  [0m] Stopped target Sockets.
[[0;32m  OK  [0m] Closed ACPID Listen Socket.
[[0;32m  OK  [0m] Closed RPCbind Server Activation Socket.
[[0;32m  OK  [0m] Closed D-Bus System Message Bus Socket.
[[0;32m  OK  [0m] Closed UUID daemon activation socket.
[[0;32m  OK  [0m] Closed LXD - unix socket.
[[0;32m  OK  [0m] Closed Socket activation for snappy daemon.
[[0;32m  OK  [0m] Closed Syslog Socket.
[[0;32m  OK  [0m] Stopped target System Initialization.
[[0;32m  OK  [0m] Stopped target Swap.
         Stopping Update UTMP about System Boot/Shutdown...
[[0;32m  OK  [0m] Stopped target Encrypted Volumes.
         Stopping Load/Save Random Seed...
[[0;32m  OK  [0m] Stopped target Network.
         Stopping Raise network interfaces...
[[0;32m  OK  [0m] Stopped Load/Save Random Seed.
[[0;32m  OK  [0m] Stopped Update UTMP about System Boot/Shutdown.
[[0;32m  OK  [0m] Stopped Create Volatile Files and Directories.
[[0;32m  OK  [0m] Stopped Raise network interfaces.
[[0;32m  OK  [0m] Stopped Apply Kernel Variables.
[[0;32m  OK  [0m] Stopped Load Kernel Modules.
[[0;32m  OK  [0m] Stopped target Network (Pre).
[[0;32m  OK  [0m] Stopped Initial cloud-init job (pre-networking).
[[0;32m  OK  [0m] Stopped target Local File Systems.
         Unmounting /run/lxcfs/controllers/cpu,cpuacct...
         Unmounting /run/lxcfs/controllers/freezer...
         Unmounting /run/lxcfs/controllers/perf_event...
         Unmounting /run/lxcfs/controllers/cpuset...
         Unmounting /run/user/1000...
         Unmounting /run/lxcfs/controllers/pids...
         Unmounting /run/lxcfs/controllers/blkio...
         Unmounting /run/lxcfs/controllers/devices...
         Unmounting /run/lxcfs/controllers/hugetlb...
         Unmounting /run/lxcfs/controllers/net_cls,net_prio...
         Unmounting /run/lxcfs/controllers/name=systemd...
         Unmounting /run/lxcfs/controllers/memory...
[[0;32m  OK  [0m] Unmounted /run/lxcfs/controllers/cpu,cpuacct.
[[0;32m  OK  [0m] Unmounted /run/lxcfs/controllers/freezer.
[[0;32m  OK  [0m] Unmounted /run/lxcfs/controllers/perf_event.
[[0;32m  OK  [0m] Unmounted /run/lxcfs/controllers/cpuset.
[[0;32m  OK  [0m] Unmounted /run/user/1000.
[[0;32m  OK  [0m] Unmounted /run/lxcfs/controllers/pids.
[[0;32m  OK  [0m] Unmounted /run/lxcfs/controllers/blkio.
[[0;32m  OK  [0m] Unmounted /run/lxcfs/controllers/devices.
[[0;32m  OK  [0m] Unmounted /run/lxcfs/controllers/hugetlb.
[[0;32m  OK  [0m] Unmounted /run/lxcfs/controllers/net_cls,net_prio.
[[0;32m  OK  [0m] Unmounted /run/lxcfs/controllers/name=systemd.
[[0;32m  OK  [0m] Unmounted /run/lxcfs/controllers/memory.
         Unmounting /run/lxcfs/controllers...
[[0;32m  OK  [0m] Unmounted /run/lxcfs/controllers.
[[0;32m  OK  [0m] Reached target Unmount All Filesystems.
[[0;32m  OK  [0m] Stopped target Local File Systems (Pre).
[[0;32m  OK  [0m] Stopped Create Static Device Nodes in /dev.
         Stopping Monitoring of LVM2 mirrors... dmeventd or progress polling...
[[0;32m  OK  [0m] Stopped Remount Root and Kernel File Systems.
[[0;32m  OK  [0m] Reached target Shutdown.
[  171.464062] reboot: Power down